[2023-09-12 11:19:29.000] [INFO ] [main] com.springboot.rest.RestApplication Starting RestApplication using Java 11.0.19 on DESKTOP-EVA943I with PID 6344 (C:\work_springboot\rest\target\classes started by Playdata in C:\work_springboot\rest)
[2023-09-12 11:19:29.000] [INFO ] [main] com.springboot.rest.RestApplication No active profile set, falling back to default profiles: default
[2023-09-12 11:19:30.066] [INFO ] [main] org.springframework.boot.web.embedded.tomcat.TomcatWebServer Tomcat initialized with port(s): 8090 (http)
[2023-09-12 11:19:30.083] [INFO ] [main] org.apache.coyote.http11.Http11NioProtocol Initializing ProtocolHandler ["http-nio-8090"]
[2023-09-12 11:19:30.083] [INFO ] [main] org.apache.catalina.core.StandardService Starting service [Tomcat]
[2023-09-12 11:19:30.083] [INFO ] [main] org.apache.catalina.core.StandardEngine Starting Servlet engine: [Apache Tomcat/9.0.54]
[2023-09-12 11:19:30.182] [INFO ] [main] org.apache.catalina.core.ContainerBase.[Tomcat].[localhost].[/] Initializing Spring embedded WebApplicationContext
[2023-09-12 11:19:30.182] [INFO ] [main] org.springframework.boot.web.servlet.context.ServletWebServerApplicationContext Root WebApplicationContext: initialization completed in 1132 ms
[2023-09-12 11:19:30.561] [INFO ] [main] springfox.documentation.spring.web.PropertySourcedRequestMappingHandlerMapping Mapped URL path [/v2/api-docs] onto method [springfox.documentation.swagger2.web.Swagger2Controller#getDocumentation(String, HttpServletRequest)]
[2023-09-12 11:19:30.782] [INFO ] [main] org.apache.coyote.http11.Http11NioProtocol Starting ProtocolHandler ["http-nio-8090"]
[2023-09-12 11:19:30.799] [INFO ] [main] org.springframework.boot.web.embedded.tomcat.TomcatWebServer Tomcat started on port(s): 8090 (http) with context path ''
[2023-09-12 11:19:30.799] [INFO ] [main] springfox.documentation.spring.web.plugins.DocumentationPluginsBootstrapper Context refreshed
[2023-09-12 11:19:30.816] [INFO ] [main] springfox.documentation.spring.web.plugins.DocumentationPluginsBootstrapper Found 1 custom documentation plugin(s)
[2023-09-12 11:19:30.849] [INFO ] [main] springfox.documentation.spring.web.scanners.ApiListingReferenceScanner Scanning for api listing references
[2023-09-12 11:19:30.982] [INFO ] [main] com.springboot.rest.RestApplication Started RestApplication in 2.652 seconds (JVM running for 5.549)
[2023-09-12 11:20:22.819] [INFO ] [http-nio-8090-exec-1] org.apache.catalina.core.ContainerBase.[Tomcat].[localhost].[/] Initializing Spring DispatcherServlet 'dispatcherServlet'
[2023-09-12 11:20:22.820] [INFO ] [http-nio-8090-exec-1] org.springframework.web.servlet.DispatcherServlet Initializing Servlet 'dispatcherServlet'
[2023-09-12 11:20:22.821] [INFO ] [http-nio-8090-exec-1] org.springframework.web.servlet.DispatcherServlet Completed initialization in 1 ms
[2023-09-12 11:50:40.344] [INFO ] [main] com.springboot.rest.RestApplication Starting RestApplication using Java 11.0.19 on DESKTOP-EVA943I with PID 9592 (C:\work_springboot\rest\target\classes started by Playdata in C:\work_springboot\rest)
[2023-09-12 11:50:40.344] [INFO ] [main] com.springboot.rest.RestApplication No active profile set, falling back to default profiles: default
[2023-09-12 11:50:41.649] [INFO ] [main] org.springframework.boot.web.embedded.tomcat.TomcatWebServer Tomcat initialized with port(s): 8090 (http)
[2023-09-12 11:50:41.649] [INFO ] [main] org.apache.coyote.http11.Http11NioProtocol Initializing ProtocolHandler ["http-nio-8090"]
[2023-09-12 11:50:41.649] [INFO ] [main] org.apache.catalina.core.StandardService Starting service [Tomcat]
[2023-09-12 11:50:41.649] [INFO ] [main] org.apache.catalina.core.StandardEngine Starting Servlet engine: [Apache Tomcat/9.0.54]
[2023-09-12 11:50:41.782] [INFO ] [main] org.apache.catalina.core.ContainerBase.[Tomcat].[localhost].[/] Initializing Spring embedded WebApplicationContext
[2023-09-12 11:50:41.782] [INFO ] [main] org.springframework.boot.web.servlet.context.ServletWebServerApplicationContext Root WebApplicationContext: initialization completed in 1366 ms
[2023-09-12 11:50:42.165] [INFO ] [main] springfox.documentation.spring.web.PropertySourcedRequestMappingHandlerMapping Mapped URL path [/v2/api-docs] onto method [springfox.documentation.swagger2.web.Swagger2Controller#getDocumentation(String, HttpServletRequest)]
[2023-09-12 11:50:42.399] [INFO ] [main] org.apache.coyote.http11.Http11NioProtocol Starting ProtocolHandler ["http-nio-8090"]
[2023-09-12 11:50:42.429] [INFO ] [main] org.springframework.boot.web.embedded.tomcat.TomcatWebServer Tomcat started on port(s): 8090 (http) with context path ''
[2023-09-12 11:50:42.430] [INFO ] [main] springfox.documentation.spring.web.plugins.DocumentationPluginsBootstrapper Context refreshed
[2023-09-12 11:50:42.444] [INFO ] [main] springfox.documentation.spring.web.plugins.DocumentationPluginsBootstrapper Found 1 custom documentation plugin(s)
[2023-09-12 11:50:42.463] [INFO ] [main] springfox.documentation.spring.web.scanners.ApiListingReferenceScanner Scanning for api listing references
[2023-09-12 11:50:42.562] [INFO ] [main] com.springboot.rest.RestApplication Started RestApplication in 2.997 seconds (JVM running for 4.571)
[2023-09-12 11:51:06.391] [INFO ] [http-nio-8090-exec-1] org.apache.catalina.core.ContainerBase.[Tomcat].[localhost].[/] Initializing Spring DispatcherServlet 'dispatcherServlet'
[2023-09-12 11:51:06.392] [INFO ] [http-nio-8090-exec-1] org.springframework.web.servlet.DispatcherServlet Initializing Servlet 'dispatcherServlet'
[2023-09-12 11:51:06.393] [INFO ] [http-nio-8090-exec-1] org.springframework.web.servlet.DispatcherServlet Completed initialization in 1 ms
[2023-09-12 14:25:36.735] [INFO ] [main] com.springboot.rest.RestApplication Starting RestApplication using Java 11.0.19 on DESKTOP-EVA943I with PID 9320 (C:\work_springboot\rest\target\classes started by Playdata in C:\work_springboot\rest)
[2023-09-12 14:25:36.735] [INFO ] [main] com.springboot.rest.RestApplication No active profile set, falling back to default profiles: default
[2023-09-12 14:25:37.875] [INFO ] [main] org.springframework.boot.web.embedded.tomcat.TomcatWebServer Tomcat initialized with port(s): 8090 (http)
[2023-09-12 14:25:37.891] [INFO ] [main] org.apache.coyote.http11.Http11NioProtocol Initializing ProtocolHandler ["http-nio-8090"]
[2023-09-12 14:25:37.891] [INFO ] [main] org.apache.catalina.core.StandardService Starting service [Tomcat]
[2023-09-12 14:25:37.891] [INFO ] [main] org.apache.catalina.core.StandardEngine Starting Servlet engine: [Apache Tomcat/9.0.54]
[2023-09-12 14:25:37.984] [INFO ] [main] org.apache.catalina.core.ContainerBase.[Tomcat].[localhost].[/] Initializing Spring embedded WebApplicationContext
[2023-09-12 14:25:37.984] [INFO ] [main] org.springframework.boot.web.servlet.context.ServletWebServerApplicationContext Root WebApplicationContext: initialization completed in 1187 ms
[2023-09-12 14:25:38.313] [INFO ] [main] springfox.documentation.spring.web.PropertySourcedRequestMappingHandlerMapping Mapped URL path [/v2/api-docs] onto method [springfox.documentation.swagger2.web.Swagger2Controller#getDocumentation(String, HttpServletRequest)]
[2023-09-12 14:25:38.516] [INFO ] [main] org.apache.coyote.http11.Http11NioProtocol Starting ProtocolHandler ["http-nio-8090"]
[2023-09-12 14:25:38.547] [INFO ] [main] org.springframework.boot.web.embedded.tomcat.TomcatWebServer Tomcat started on port(s): 8090 (http) with context path ''
[2023-09-12 14:25:38.547] [INFO ] [main] springfox.documentation.spring.web.plugins.DocumentationPluginsBootstrapper Context refreshed
[2023-09-12 14:25:38.562] [INFO ] [main] springfox.documentation.spring.web.plugins.DocumentationPluginsBootstrapper Found 1 custom documentation plugin(s)
[2023-09-12 14:25:38.578] [INFO ] [main] springfox.documentation.spring.web.scanners.ApiListingReferenceScanner Scanning for api listing references
[2023-09-12 14:25:38.687] [INFO ] [main] com.springboot.rest.RestApplication Started RestApplication in 2.645 seconds (JVM running for 3.998)
[2023-09-12 14:25:51.733] [INFO ] [http-nio-8090-exec-1] org.apache.catalina.core.ContainerBase.[Tomcat].[localhost].[/] Initializing Spring DispatcherServlet 'dispatcherServlet'
[2023-09-12 14:25:51.734] [INFO ] [http-nio-8090-exec-1] org.springframework.web.servlet.DispatcherServlet Initializing Servlet 'dispatcherServlet'
[2023-09-12 14:25:51.735] [INFO ] [http-nio-8090-exec-1] org.springframework.web.servlet.DispatcherServlet Completed initialization in 1 ms
[2023-09-12 14:26:56.286] [INFO ] [main] com.springboot.rest.RestApplication Starting RestApplication using Java 11.0.19 on DESKTOP-EVA943I with PID 7404 (C:\work_springboot\rest\target\classes started by Playdata in C:\work_springboot\rest)
[2023-09-12 14:26:56.286] [INFO ] [main] com.springboot.rest.RestApplication No active profile set, falling back to default profiles: default
[2023-09-12 14:26:57.473] [INFO ] [main] org.springframework.boot.web.embedded.tomcat.TomcatWebServer Tomcat initialized with port(s): 8090 (http)
[2023-09-12 14:26:57.489] [INFO ] [main] org.apache.coyote.http11.Http11NioProtocol Initializing ProtocolHandler ["http-nio-8090"]
[2023-09-12 14:26:57.489] [INFO ] [main] org.apache.catalina.core.StandardService Starting service [Tomcat]
[2023-09-12 14:26:57.489] [INFO ] [main] org.apache.catalina.core.StandardEngine Starting Servlet engine: [Apache Tomcat/9.0.54]
[2023-09-12 14:26:57.582] [INFO ] [main] org.apache.catalina.core.ContainerBase.[Tomcat].[localhost].[/] Initializing Spring embedded WebApplicationContext
[2023-09-12 14:26:57.582] [INFO ] [main] org.springframework.boot.web.servlet.context.ServletWebServerApplicationContext Root WebApplicationContext: initialization completed in 1249 ms
[2023-09-12 14:26:57.926] [INFO ] [main] springfox.documentation.spring.web.PropertySourcedRequestMappingHandlerMapping Mapped URL path [/v2/api-docs] onto method [springfox.documentation.swagger2.web.Swagger2Controller#getDocumentation(String, HttpServletRequest)]
[2023-09-12 14:26:58.129] [INFO ] [main] org.apache.coyote.http11.Http11NioProtocol Starting ProtocolHandler ["http-nio-8090"]
[2023-09-12 14:26:58.145] [INFO ] [main] org.springframework.boot.web.embedded.tomcat.TomcatWebServer Tomcat started on port(s): 8090 (http) with context path ''
[2023-09-12 14:26:58.160] [INFO ] [main] springfox.documentation.spring.web.plugins.DocumentationPluginsBootstrapper Context refreshed
[2023-09-12 14:26:58.160] [INFO ] [main] springfox.documentation.spring.web.plugins.DocumentationPluginsBootstrapper Found 1 custom documentation plugin(s)
[2023-09-12 14:26:58.192] [INFO ] [main] springfox.documentation.spring.web.scanners.ApiListingReferenceScanner Scanning for api listing references
[2023-09-12 14:26:58.285] [INFO ] [main] com.springboot.rest.RestApplication Started RestApplication in 2.71 seconds (JVM running for 4.023)
[2023-09-12 14:27:16.192] [INFO ] [http-nio-8090-exec-1] org.apache.catalina.core.ContainerBase.[Tomcat].[localhost].[/] Initializing Spring DispatcherServlet 'dispatcherServlet'
[2023-09-12 14:27:16.192] [INFO ] [http-nio-8090-exec-1] org.springframework.web.servlet.DispatcherServlet Initializing Servlet 'dispatcherServlet'
[2023-09-12 14:27:16.192] [INFO ] [http-nio-8090-exec-1] org.springframework.web.servlet.DispatcherServlet Completed initialization in 0 ms
[2023-09-12 14:28:29.389] [INFO ] [main] com.springboot.rest.RestApplication Starting RestApplication using Java 11.0.19 on DESKTOP-EVA943I with PID 8948 (C:\work_springboot\rest\target\classes started by Playdata in C:\work_springboot\rest)
[2023-09-12 14:28:29.389] [INFO ] [main] com.springboot.rest.RestApplication No active profile set, falling back to default profiles: default
[2023-09-12 14:28:30.467] [INFO ] [main] org.springframework.boot.web.embedded.tomcat.TomcatWebServer Tomcat initialized with port(s): 8090 (http)
[2023-09-12 14:28:30.467] [INFO ] [main] org.apache.coyote.http11.Http11NioProtocol Initializing ProtocolHandler ["http-nio-8090"]
[2023-09-12 14:28:30.467] [INFO ] [main] org.apache.catalina.core.StandardService Starting service [Tomcat]
[2023-09-12 14:28:30.467] [INFO ] [main] org.apache.catalina.core.StandardEngine Starting Servlet engine: [Apache Tomcat/9.0.54]
[2023-09-12 14:28:30.577] [INFO ] [main] org.apache.catalina.core.ContainerBase.[Tomcat].[localhost].[/] Initializing Spring embedded WebApplicationContext
[2023-09-12 14:28:30.577] [INFO ] [main] org.springframework.boot.web.servlet.context.ServletWebServerApplicationContext Root WebApplicationContext: initialization completed in 1141 ms
[2023-09-12 14:28:30.952] [INFO ] [main] springfox.documentation.spring.web.PropertySourcedRequestMappingHandlerMapping Mapped URL path [/v2/api-docs] onto method [springfox.documentation.swagger2.web.Swagger2Controller#getDocumentation(String, HttpServletRequest)]
[2023-09-12 14:28:31.155] [INFO ] [main] org.apache.coyote.http11.Http11NioProtocol Starting ProtocolHandler ["http-nio-8090"]
[2023-09-12 14:28:31.186] [INFO ] [main] org.springframework.boot.web.embedded.tomcat.TomcatWebServer Tomcat started on port(s): 8090 (http) with context path ''
[2023-09-12 14:28:31.186] [INFO ] [main] springfox.documentation.spring.web.plugins.DocumentationPluginsBootstrapper Context refreshed
[2023-09-12 14:28:31.202] [INFO ] [main] springfox.documentation.spring.web.plugins.DocumentationPluginsBootstrapper Found 1 custom documentation plugin(s)
[2023-09-12 14:28:31.233] [INFO ] [main] springfox.documentation.spring.web.scanners.ApiListingReferenceScanner Scanning for api listing references
[2023-09-12 14:28:31.373] [INFO ] [main] com.springboot.rest.RestApplication Started RestApplication in 2.703 seconds (JVM running for 4.351)
[2023-09-12 14:28:39.842] [INFO ] [http-nio-8090-exec-1] org.apache.catalina.core.ContainerBase.[Tomcat].[localhost].[/] Initializing Spring DispatcherServlet 'dispatcherServlet'
[2023-09-12 14:28:39.843] [INFO ] [http-nio-8090-exec-1] org.springframework.web.servlet.DispatcherServlet Initializing Servlet 'dispatcherServlet'
[2023-09-12 14:28:39.844] [INFO ] [http-nio-8090-exec-1] org.springframework.web.servlet.DispatcherServlet Completed initialization in 1 ms
[2023-09-12 14:37:07.131] [INFO ] [main] com.springboot.rest.RestApplication Starting RestApplication using Java 11.0.19 on DESKTOP-EVA943I with PID 11712 (C:\work_springboot\rest\target\classes started by Playdata in C:\work_springboot\rest)
[2023-09-12 14:37:07.147] [INFO ] [main] com.springboot.rest.RestApplication No active profile set, falling back to default profiles: default
[2023-09-12 14:37:08.256] [INFO ] [main] org.springframework.boot.web.embedded.tomcat.TomcatWebServer Tomcat initialized with port(s): 8090 (http)
[2023-09-12 14:37:08.256] [INFO ] [main] org.apache.coyote.http11.Http11NioProtocol Initializing ProtocolHandler ["http-nio-8090"]
[2023-09-12 14:37:08.256] [INFO ] [main] org.apache.catalina.core.StandardService Starting service [Tomcat]
[2023-09-12 14:37:08.256] [INFO ] [main] org.apache.catalina.core.StandardEngine Starting Servlet engine: [Apache Tomcat/9.0.54]
[2023-09-12 14:37:08.350] [INFO ] [main] org.apache.catalina.core.ContainerBase.[Tomcat].[localhost].[/] Initializing Spring embedded WebApplicationContext
[2023-09-12 14:37:08.350] [INFO ] [main] org.springframework.boot.web.servlet.context.ServletWebServerApplicationContext Root WebApplicationContext: initialization completed in 1156 ms
[2023-09-12 14:37:08.693] [INFO ] [main] springfox.documentation.spring.web.PropertySourcedRequestMappingHandlerMapping Mapped URL path [/v2/api-docs] onto method [springfox.documentation.swagger2.web.Swagger2Controller#getDocumentation(String, HttpServletRequest)]
[2023-09-12 14:37:08.896] [INFO ] [main] org.apache.coyote.http11.Http11NioProtocol Starting ProtocolHandler ["http-nio-8090"]
[2023-09-12 14:37:08.912] [INFO ] [main] org.springframework.boot.web.embedded.tomcat.TomcatWebServer Tomcat started on port(s): 8090 (http) with context path ''
[2023-09-12 14:37:08.912] [INFO ] [main] springfox.documentation.spring.web.plugins.DocumentationPluginsBootstrapper Context refreshed
[2023-09-12 14:37:08.928] [INFO ] [main] springfox.documentation.spring.web.plugins.DocumentationPluginsBootstrapper Found 1 custom documentation plugin(s)
[2023-09-12 14:37:08.959] [INFO ] [main] springfox.documentation.spring.web.scanners.ApiListingReferenceScanner Scanning for api listing references
[2023-09-12 14:37:09.037] [INFO ] [main] springfox.documentation.spring.web.readers.operation.CachingOperationNameGenerator Generating unique operation named: getNameUsingGET_1
[2023-09-12 14:37:09.037] [INFO ] [main] springfox.documentation.spring.web.readers.operation.CachingOperationNameGenerator Generating unique operation named: getNameWithParameterUsingGET_1
[2023-09-12 14:37:09.037] [INFO ] [main] springfox.documentation.spring.web.readers.operation.CachingOperationNameGenerator Generating unique operation named: getNameWithPathVariableUsingGET_1
[2023-09-12 14:37:09.037] [INFO ] [main] springfox.documentation.spring.web.readers.operation.CachingOperationNameGenerator Generating unique operation named: postWithHeaderUsingPOST_1
[2023-09-12 14:37:09.068] [INFO ] [main] com.springboot.rest.RestApplication Started RestApplication in 2.597 seconds (JVM running for 3.878)
[2023-09-12 14:37:21.064] [INFO ] [http-nio-8090-exec-1] org.apache.catalina.core.ContainerBase.[Tomcat].[localhost].[/] Initializing Spring DispatcherServlet 'dispatcherServlet'
[2023-09-12 14:37:21.065] [INFO ] [http-nio-8090-exec-1] org.springframework.web.servlet.DispatcherServlet Initializing Servlet 'dispatcherServlet'
[2023-09-12 14:37:21.066] [INFO ] [http-nio-8090-exec-1] org.springframework.web.servlet.DispatcherServlet Completed initialization in 1 ms
